{
  "RSpec": {
    "coverage": {
      "/home/kleer/csd/ahorcado/lib/tablero.rb": [
        1,
        null,
        1,
        null,
        1,
        6,
        null,
        6,
        6,
        null,
        6,
        null,
        36,
        null,
        null,
        1,
        17,
        10,
        null,
        7,
        null,
        null,
        null,
        1,
        10,
        10,
        50,
        10,
        null,
        50,
        null,
        null,
        null,
        1,
        1,
        null,
        null,
        1,
        2,
        null,
        null,
        1,
        2,
        null,
        null,
        1,
        1,
        null,
        null,
        1,
        1,
        null,
        null,
        null,
        1,
        1,
        15,
        null,
        null
      ],
      "/home/kleer/csd/ahorcado/lib/seleccionador.rb": [
        1,
        1,
        21,
        7,
        14,
        7,
        4,
        2,
        2,
        1,
        1,
        1,
        null,
        3,
        3,
        1,
        2,
        1,
        1,
        1,
        null,
        null,
        7,
        6,
        3,
        1,
        2,
        1,
        1,
        1,
        null,
        3,
        3,
        1,
        2,
        1,
        1,
        1,
        null,
        null,
        null,
        1,
        null,
        null,
        null,
        1,
        21,
        null,
        null
      ]
    },
    "timestamp": 1409771574
  }
}
